20231222	16:05:09	38c23707-6b1f-4347-b67a-7c4a6d9ffbb8	GET	/	undefined
20231222	16:06:11	e7a02cbc-95e1-49a1-8466-32196cc3c88e	GET	/	undefined
20231222	16:06:11	6bbae66b-3b96-4752-b14e-b1cf61e58409	GET	/favicon.ico	undefined
20231222	16:11:10	fe2c10b0-b378-4185-ad4e-401d709aa053	GET	/users	undefined
20231222	16:11:37	f188462f-9bf6-4229-b2ac-52526890de68	GET	/users	undefined
20231223	10:19:51	82e268c4-d7b1-4488-b1a2-13b235b671d1	POST	/auth/register	undefined
20231223	10:21:29	43a8b6bd-b7a5-456d-afd1-b136370d356d	POST	/auth/login	undefined
20231223	10:21:37	e7df8b80-bdbb-4ab3-a3f4-2a5e1f3bc317	POST	/auth/logout	undefined
20231223	10:21:41	9692c84a-3204-48e7-a79c-4f22f26714e6	GET	/auth/logout	undefined
20231223	11:05:51	00684b5e-1c72-4159-ac5d-25d08a83683f	GET	/todo	undefined
20231223	11:06:27	b9c40b3e-7e59-45a3-91ee-3d42e76b5760	GET	/todo	undefined
20231223	11:06:59	a1329212-f0fe-4b46-a276-dd24b340bad7	POST	/auth/login	undefined
20231223	11:08:34	147814d8-ce23-4b6c-8434-5025f30fac48	GET	/auth/login	undefined
20231223	11:08:37	aa0a1104-f163-4bae-9fd0-b93c53dd0000	POST	/auth/login	undefined
20231223	11:08:46	341c5fd0-182b-4863-9f40-b78eb4bb7150	GET	/todo	undefined
20231223	11:09:06	38826a49-e227-46da-aaa4-665f348b3bb9	GET	/todo	undefined
20231223	11:09:07	34c264f1-2e86-4b41-bcfb-3144567b4e1b	GET	/todo	undefined
20231223	11:09:07	c15ef5b1-0c35-455f-8aa0-54244ba9a49f	GET	/todo	undefined
20231223	11:09:07	4a9bfa4e-ac9f-4f17-aa21-f1de40da8934	GET	/todo	undefined
20231223	11:09:07	bbc98688-b732-4edf-8afe-09d5d0eb359d	GET	/todo	undefined
20231223	11:09:35	c2b263bf-afe3-43e3-ac00-d28bc0145fca	POST	/auth/login	undefined
20231223	11:10:04	81d1dd99-389d-4bf5-9f57-c27ecb50c918	GET	/todo	undefined
20231223	11:11:15	627a33cb-7c03-445e-8bf4-b07e1f091e2e	GET	/todo	undefined
20231223	11:14:58	d0c81914-4525-4d53-9c86-4440aa16e8e6	POST	/auth/login	undefined
20231223	11:15:07	0828c919-b7c3-49dc-850e-a1b4fbaebfeb	GET	/todo	undefined
20231223	11:15:56	5d72798c-2c97-47fc-bf63-c543843c369a	GET	/todo	undefined
20231223	11:17:33	0353740c-a5d8-48de-b402-2dce7631a9f6	GET	/todo	undefined
20231223	11:18:08	9ccd4567-a6ee-4fff-8ffb-100be1c8f977	GET	/todo	undefined
20231223	11:19:55	b1bd56ad-a1ae-4a1f-83b1-ec4cab1f855b	POST	/auth/login	undefined
20231223	11:20:58	998fb0c8-c9c4-41d9-831a-de34ecfb1113	GET	/todo	undefined
20231223	11:21:14	c5697023-fba4-44f3-87e3-163233996e4e	POST	/auth/login	undefined
20231223	11:21:23	0b78af69-20c9-44c5-bf44-a1be1889d277	GET	/todo	undefined
20231223	11:23:08	fb352cc2-59a4-49a2-a183-ce2ead300da2	POST	/auth/login	undefined
20231223	11:23:14	0b09da53-3743-4e98-bfa7-3f4f58c55dfb	GET	/todo	undefined
20231223	11:24:39	2b93a204-1fc4-4c23-8db3-04704250cf6d	POST	/todo	undefined
20231223	11:29:51	0c313e37-f2bd-4895-887b-bbb3660db484	GET	/todo	undefined
20231223	11:30:01	eb94ab4e-5897-4537-bd3d-bf9b88216074	POST	/todo	undefined
20231223	11:31:02	43de91d4-649a-4816-bedb-d9457034c22b	POST	/todo	undefined
20231223	11:31:51	a3bdfd5c-ee0f-4a3c-946f-a706f2a3394b	GET	/todo	undefined
20231223	15:05:21	6f583ecb-bd9d-48f4-a08e-f6a6d6fa60a9	GET	/todo	undefined
20231223	15:06:33	2d541769-ebe0-4184-9d8f-f02bf73113b4	POST	/auth/login	undefined
20231223	15:06:41	53af6fe4-4c60-4c41-8919-599763a5e18f	GET	/todo	undefined
20231223	15:06:55	bd0a9ac9-920e-46c0-a422-dd1d60a10379	GET	/todo	undefined
20231223	15:07:34	02670e54-f802-4cdc-9b03-bf9fc1719b09	GET	/todo	undefined
20231223	15:07:46	dc010a30-6f33-4651-a6ac-e8d922b67bb3	POST	/auth/login	undefined
20231223	15:07:53	0b315ab8-dcde-4c58-b1ca-a6a9f0d4710c	GET	/todo	undefined
20231223	15:07:58	eedc559c-7087-4f06-a780-0146b14181b2	GET	/todo	undefined
20231223	15:07:58	4bcb1af8-e22f-40aa-a548-e4db06b3c773	GET	/todo	undefined
20231223	15:07:59	b76b4840-9969-4b3e-bc21-39ea1eb3e0da	GET	/todo	undefined
20231223	15:07:59	b9638d91-c3cd-4eff-a160-ae62d4483803	GET	/todo	undefined
20231223	15:08:00	e2519ff2-db61-4a5c-9b47-f2a701d38f4e	GET	/todo	undefined
20231223	15:08:00	9f25c5a1-3781-488c-b0ff-8d95737b5841	GET	/todo	undefined
20231223	15:08:01	5ceb9d22-147f-4b04-9e1f-957e9cd83f76	GET	/todo	undefined
20231223	15:08:10	b6300aba-9bf6-4a6c-b7c5-ad219e4560d4	GET	/auth/logout	undefined
20231223	15:09:02	4d68479e-96fb-4bd5-9957-27233ece945d	POST	/auth/login	undefined
20231223	15:09:12	eb316be6-1964-4a3b-9a1c-70b8e133cefc	GET	/todo	undefined
20231223	15:09:45	524d7c6f-d494-442f-ac3e-d0375054449b	POST	/auth/register	undefined
20231223	15:13:07	f4bb1417-30b7-4120-80b1-899fce37dc9a	POST	/auth/register	undefined
20231223	15:13:40	d8e9cfcb-09c4-404c-af29-a215e871017a	GET	/users	undefined
20231223	15:16:30	c93e6ab8-83c1-4906-88b0-c6ca8a848cc7	POST	/auth/register	undefined
20231223	15:16:50	d2a21c9b-0134-4dc2-91d0-1b3f88bf2faa	POST	/auth/register	undefined
20231223	15:16:59	99c8dca9-017e-4aac-a64d-fb1135df4e15	POST	/auth/register	undefined
20231223	15:18:30	d64bbc19-8de5-49ba-8f31-d4503f54d72d	POST	/auth/login	undefined
20231223	15:18:40	669942ce-4fa1-4ebf-8dbd-db2db3102197	GET	/todo	undefined
20231223	15:19:26	8f109787-1e9d-41e9-8978-06054e18afae	PUT	/todo/4	undefined
20231223	15:19:40	d09d5b6f-c936-4ed6-bd3f-76fbef06718b	GET	/todo	undefined
20231223	15:20:59	9b05c510-d4ae-4691-8124-22f0d78821f3	GET	/todo	undefined
20231223	15:39:42	a2d3653e-ce35-4cd1-868f-1c422ebcb9fb	POST	/list	undefined
20231223	15:41:07	c5cdca6a-76a2-444e-b2c8-96e24705ad6d	POST	/list	undefined
20231223	15:41:25	a4dd33f0-b570-433e-9eb1-905f01584fcd	GET	/auth/logout	undefined
20231223	15:41:45	93f6d3fa-1877-40fa-9e00-508ecd43f214	POST	/list	undefined
20231223	15:51:13	88751d78-6d88-4332-aad3-1693ec0e9dcd	PUT	/list/1	undefined
20231223	15:51:47	d1eaa817-fdd9-4dfa-87be-959432b04dce	POST	/auth/login	undefined
20231223	15:52:04	6df48299-0baa-42fc-8e80-81405aab5a1f	PUT	/list/1	undefined
20231223	15:52:22	f544fbd0-89dc-4253-94be-ecd113620b03	PUT	/list/3	undefined
20231223	15:58:10	f42861cc-8277-49de-88f2-d5da47246cc0	GET	/list	undefined
20231223	15:58:15	23646811-8288-48f5-a72d-7511abad0199	GET	/list	undefined
